<?xml version="1.0" encoding="UTF-8"?>
<testsuite xmlns:xsi="http://www.w3.org/2001/XMLSchema-instance" xsi:noNamespaceSchemaLocation="https://maven.apache.org/surefire/maven-surefire-plugin/xsd/surefire-test-report-3.0.xsd" version="3.0" name="com.nataliogomes.chronicblog.ChronicBlogApplicationTests" time="7.073" tests="1" errors="0" skipped="0" failures="0">
  <properties>
    <property name="java.specification.version" value="22"/>
    <property name="sun.jnu.encoding" value="UTF-8"/>
    <property name="java.class.path" value="/Users/nataliogomes/Desktop/Projects/ChronicBlog/target/test-classes:/Users/nataliogomes/Desktop/Projects/ChronicBlog/target/classes:/Users/nataliogomes/.m2/repository/org/springframework/boot/spring-boot-starter-web/3.3.2/spring-boot-starter-web-3.3.2.jar:/Users/nataliogomes/.m2/repository/org/springframework/boot/spring-boot-starter/3.3.2/spring-boot-starter-3.3.2.jar:/Users/nataliogomes/.m2/repository/org/springframework/boot/spring-boot-starter-logging/3.3.2/spring-boot-starter-logging-3.3.2.jar:/Users/nataliogomes/.m2/repository/ch/qos/logback/logback-classic/1.5.6/logback-classic-1.5.6.jar:/Users/nataliogomes/.m2/repository/ch/qos/logback/logback-core/1.5.6/logback-core-1.5.6.jar:/Users/nataliogomes/.m2/repository/org/apache/logging/log4j/log4j-to-slf4j/2.23.1/log4j-to-slf4j-2.23.1.jar:/Users/nataliogomes/.m2/repository/org/apache/logging/log4j/log4j-api/2.23.1/log4j-api-2.23.1.jar:/Users/nataliogomes/.m2/repository/org/slf4j/jul-to-slf4j/2.0.13/jul-to-slf4j-2.0.13.jar:/Users/nataliogomes/.m2/repository/jakarta/annotation/jakarta.annotation-api/2.1.1/jakarta.annotation-api-2.1.1.jar:/Users/nataliogomes/.m2/repository/org/yaml/snakeyaml/2.2/snakeyaml-2.2.jar:/Users/nataliogomes/.m2/repository/org/springframework/boot/spring-boot-starter-json/3.3.2/spring-boot-starter-json-3.3.2.jar:/Users/nataliogomes/.m2/repository/com/fasterxml/jackson/core/jackson-databind/2.17.2/jackson-databind-2.17.2.jar:/Users/nataliogomes/.m2/repository/com/fasterxml/jackson/core/jackson-annotations/2.17.2/jackson-annotations-2.17.2.jar:/Users/nataliogomes/.m2/repository/com/fasterxml/jackson/core/jackson-core/2.17.2/jackson-core-2.17.2.jar:/Users/nataliogomes/.m2/repository/com/fasterxml/jackson/datatype/jackson-datatype-jdk8/2.17.2/jackson-datatype-jdk8-2.17.2.jar:/Users/nataliogomes/.m2/repository/com/fasterxml/jackson/datatype/jackson-datatype-jsr310/2.17.2/jackson-datatype-jsr310-2.17.2.jar:/Users/nataliogomes/.m2/repository/com/fasterxml/jackson/module/jackson-module-parameter-names/2.17.2/jackson-module-parameter-names-2.17.2.jar:/Users/nataliogomes/.m2/repository/org/springframework/boot/spring-boot-starter-tomcat/3.3.2/spring-boot-starter-tomcat-3.3.2.jar:/Users/nataliogomes/.m2/repository/org/apache/tomcat/embed/tomcat-embed-core/10.1.26/tomcat-embed-core-10.1.26.jar:/Users/nataliogomes/.m2/repository/org/apache/tomcat/embed/tomcat-embed-el/10.1.26/tomcat-embed-el-10.1.26.jar:/Users/nataliogomes/.m2/repository/org/apache/tomcat/embed/tomcat-embed-websocket/10.1.26/tomcat-embed-websocket-10.1.26.jar:/Users/nataliogomes/.m2/repository/org/springframework/spring-web/6.1.11/spring-web-6.1.11.jar:/Users/nataliogomes/.m2/repository/org/springframework/spring-beans/6.1.11/spring-beans-6.1.11.jar:/Users/nataliogomes/.m2/repository/io/micrometer/micrometer-observation/1.13.2/micrometer-observation-1.13.2.jar:/Users/nataliogomes/.m2/repository/io/micrometer/micrometer-commons/1.13.2/micrometer-commons-1.13.2.jar:/Users/nataliogomes/.m2/repository/org/springframework/spring-webmvc/6.1.11/spring-webmvc-6.1.11.jar:/Users/nataliogomes/.m2/repository/org/springframework/spring-context/6.1.11/spring-context-6.1.11.jar:/Users/nataliogomes/.m2/repository/org/springframework/spring-expression/6.1.11/spring-expression-6.1.11.jar:/Users/nataliogomes/.m2/repository/org/springframework/boot/spring-boot-devtools/3.3.2/spring-boot-devtools-3.3.2.jar:/Users/nataliogomes/.m2/repository/org/springframework/boot/spring-boot/3.3.2/spring-boot-3.3.2.jar:/Users/nataliogomes/.m2/repository/org/springframework/boot/spring-boot-autoconfigure/3.3.2/spring-boot-autoconfigure-3.3.2.jar:/Users/nataliogomes/.m2/repository/org/projectlombok/lombok/1.18.34/lombok-1.18.34.jar:/Users/nataliogomes/.m2/repository/org/springframework/boot/spring-boot-starter-test/3.3.2/spring-boot-starter-test-3.3.2.jar:/Users/nataliogomes/.m2/repository/org/springframework/boot/spring-boot-test/3.3.2/spring-boot-test-3.3.2.jar:/Users/nataliogomes/.m2/repository/org/springframework/boot/spring-boot-test-autoconfigure/3.3.2/spring-boot-test-autoconfigure-3.3.2.jar:/Users/nataliogomes/.m2/repository/com/jayway/jsonpath/json-path/2.9.0/json-path-2.9.0.jar:/Users/nataliogomes/.m2/repository/org/slf4j/slf4j-api/2.0.13/slf4j-api-2.0.13.jar:/Users/nataliogomes/.m2/repository/jakarta/xml/bind/jakarta.xml.bind-api/4.0.2/jakarta.xml.bind-api-4.0.2.jar:/Users/nataliogomes/.m2/repository/jakarta/activation/jakarta.activation-api/2.1.3/jakarta.activation-api-2.1.3.jar:/Users/nataliogomes/.m2/repository/net/minidev/json-smart/2.5.1/json-smart-2.5.1.jar:/Users/nataliogomes/.m2/repository/net/minidev/accessors-smart/2.5.1/accessors-smart-2.5.1.jar:/Users/nataliogomes/.m2/repository/org/ow2/asm/asm/9.6/asm-9.6.jar:/Users/nataliogomes/.m2/repository/org/assertj/assertj-core/3.25.3/assertj-core-3.25.3.jar:/Users/nataliogomes/.m2/repository/net/bytebuddy/byte-buddy/1.14.18/byte-buddy-1.14.18.jar:/Users/nataliogomes/.m2/repository/org/awaitility/awaitility/4.2.1/awaitility-4.2.1.jar:/Users/nataliogomes/.m2/repository/org/hamcrest/hamcrest/2.2/hamcrest-2.2.jar:/Users/nataliogomes/.m2/repository/org/junit/jupiter/junit-jupiter/5.10.3/junit-jupiter-5.10.3.jar:/Users/nataliogomes/.m2/repository/org/junit/jupiter/junit-jupiter-api/5.10.3/junit-jupiter-api-5.10.3.jar:/Users/nataliogomes/.m2/repository/org/opentest4j/opentest4j/1.3.0/opentest4j-1.3.0.jar:/Users/nataliogomes/.m2/repository/org/junit/platform/junit-platform-commons/1.10.3/junit-platform-commons-1.10.3.jar:/Users/nataliogomes/.m2/repository/org/apiguardian/apiguardian-api/1.1.2/apiguardian-api-1.1.2.jar:/Users/nataliogomes/.m2/repository/org/junit/jupiter/junit-jupiter-params/5.10.3/junit-jupiter-params-5.10.3.jar:/Users/nataliogomes/.m2/repository/org/junit/jupiter/junit-jupiter-engine/5.10.3/junit-jupiter-engine-5.10.3.jar:/Users/nataliogomes/.m2/repository/org/junit/platform/junit-platform-engine/1.10.3/junit-platform-engine-1.10.3.jar:/Users/nataliogomes/.m2/repository/org/mockito/mockito-core/5.11.0/mockito-core-5.11.0.jar:/Users/nataliogomes/.m2/repository/net/bytebuddy/byte-buddy-agent/1.14.18/byte-buddy-agent-1.14.18.jar:/Users/nataliogomes/.m2/repository/org/objenesis/objenesis/3.3/objenesis-3.3.jar:/Users/nataliogomes/.m2/repository/org/mockito/mockito-junit-jupiter/5.11.0/mockito-junit-jupiter-5.11.0.jar:/Users/nataliogomes/.m2/repository/org/skyscreamer/jsonassert/1.5.3/jsonassert-1.5.3.jar:/Users/nataliogomes/.m2/repository/com/vaadin/external/google/android-json/0.0.20131108.vaadin1/android-json-0.0.20131108.vaadin1.jar:/Users/nataliogomes/.m2/repository/org/springframework/spring-core/6.1.11/spring-core-6.1.11.jar:/Users/nataliogomes/.m2/repository/org/springframework/spring-jcl/6.1.11/spring-jcl-6.1.11.jar:/Users/nataliogomes/.m2/repository/org/springframework/spring-test/6.1.11/spring-test-6.1.11.jar:/Users/nataliogomes/.m2/repository/org/xmlunit/xmlunit-core/2.9.1/xmlunit-core-2.9.1.jar:/Users/nataliogomes/.m2/repository/org/springframework/boot/spring-boot-starter-data-jpa/3.3.2/spring-boot-starter-data-jpa-3.3.2.jar:/Users/nataliogomes/.m2/repository/org/springframework/boot/spring-boot-starter-aop/3.3.2/spring-boot-starter-aop-3.3.2.jar:/Users/nataliogomes/.m2/repository/org/aspectj/aspectjweaver/1.9.22.1/aspectjweaver-1.9.22.1.jar:/Users/nataliogomes/.m2/repository/org/springframework/boot/spring-boot-starter-jdbc/3.3.2/spring-boot-starter-jdbc-3.3.2.jar:/Users/nataliogomes/.m2/repository/com/zaxxer/HikariCP/5.1.0/HikariCP-5.1.0.jar:/Users/nataliogomes/.m2/repository/org/springframework/spring-jdbc/6.1.11/spring-jdbc-6.1.11.jar:/Users/nataliogomes/.m2/repository/org/hibernate/orm/hibernate-core/6.5.2.Final/hibernate-core-6.5.2.Final.jar:/Users/nataliogomes/.m2/repository/jakarta/persistence/jakarta.persistence-api/3.1.0/jakarta.persistence-api-3.1.0.jar:/Users/nataliogomes/.m2/repository/jakarta/transaction/jakarta.transaction-api/2.0.1/jakarta.transaction-api-2.0.1.jar:/Users/nataliogomes/.m2/repository/org/jboss/logging/jboss-logging/3.5.3.Final/jboss-logging-3.5.3.Final.jar:/Users/nataliogomes/.m2/repository/org/hibernate/common/hibernate-commons-annotations/6.0.6.Final/hibernate-commons-annotations-6.0.6.Final.jar:/Users/nataliogomes/.m2/repository/io/smallrye/jandex/3.1.2/jandex-3.1.2.jar:/Users/nataliogomes/.m2/repository/com/fasterxml/classmate/1.7.0/classmate-1.7.0.jar:/Users/nataliogomes/.m2/repository/org/glassfish/jaxb/jaxb-runtime/4.0.5/jaxb-runtime-4.0.5.jar:/Users/nataliogomes/.m2/repository/org/glassfish/jaxb/jaxb-core/4.0.5/jaxb-core-4.0.5.jar:/Users/nataliogomes/.m2/repository/org/eclipse/angus/angus-activation/2.0.2/angus-activation-2.0.2.jar:/Users/nataliogomes/.m2/repository/org/glassfish/jaxb/txw2/4.0.5/txw2-4.0.5.jar:/Users/nataliogomes/.m2/repository/com/sun/istack/istack-commons-runtime/4.1.2/istack-commons-runtime-4.1.2.jar:/Users/nataliogomes/.m2/repository/jakarta/inject/jakarta.inject-api/2.0.1/jakarta.inject-api-2.0.1.jar:/Users/nataliogomes/.m2/repository/org/antlr/antlr4-runtime/4.13.0/antlr4-runtime-4.13.0.jar:/Users/nataliogomes/.m2/repository/org/springframework/data/spring-data-jpa/3.3.2/spring-data-jpa-3.3.2.jar:/Users/nataliogomes/.m2/repository/org/springframework/data/spring-data-commons/3.3.2/spring-data-commons-3.3.2.jar:/Users/nataliogomes/.m2/repository/org/springframework/spring-orm/6.1.11/spring-orm-6.1.11.jar:/Users/nataliogomes/.m2/repository/org/springframework/spring-tx/6.1.11/spring-tx-6.1.11.jar:/Users/nataliogomes/.m2/repository/org/springframework/spring-aspects/6.1.11/spring-aspects-6.1.11.jar:/Users/nataliogomes/.m2/repository/org/postgresql/postgresql/42.7.3/postgresql-42.7.3.jar:/Users/nataliogomes/.m2/repository/org/checkerframework/checker-qual/3.42.0/checker-qual-3.42.0.jar:/Users/nataliogomes/.m2/repository/org/springframework/boot/spring-boot-starter-security/3.3.2/spring-boot-starter-security-3.3.2.jar:/Users/nataliogomes/.m2/repository/org/springframework/spring-aop/6.1.11/spring-aop-6.1.11.jar:/Users/nataliogomes/.m2/repository/org/springframework/security/spring-security-config/6.3.1/spring-security-config-6.3.1.jar:/Users/nataliogomes/.m2/repository/org/springframework/security/spring-security-web/6.3.1/spring-security-web-6.3.1.jar:/Users/nataliogomes/.m2/repository/org/springframework/security/spring-security-test/6.3.1/spring-security-test-6.3.1.jar:/Users/nataliogomes/.m2/repository/org/springframework/security/spring-security-core/6.3.1/spring-security-core-6.3.1.jar:/Users/nataliogomes/.m2/repository/org/springframework/security/spring-security-crypto/6.3.1/spring-security-crypto-6.3.1.jar:/Users/nataliogomes/.m2/repository/org/springframework/boot/spring-boot-starter-oauth2-client/3.3.2/spring-boot-starter-oauth2-client-3.3.2.jar:/Users/nataliogomes/.m2/repository/org/springframework/security/spring-security-oauth2-client/6.3.1/spring-security-oauth2-client-6.3.1.jar:/Users/nataliogomes/.m2/repository/org/springframework/security/spring-security-oauth2-core/6.3.1/spring-security-oauth2-core-6.3.1.jar:/Users/nataliogomes/.m2/repository/com/nimbusds/oauth2-oidc-sdk/9.43.4/oauth2-oidc-sdk-9.43.4.jar:/Users/nataliogomes/.m2/repository/com/github/stephenc/jcip/jcip-annotations/1.0-1/jcip-annotations-1.0-1.jar:/Users/nataliogomes/.m2/repository/com/nimbusds/content-type/2.2/content-type-2.2.jar:/Users/nataliogomes/.m2/repository/com/nimbusds/lang-tag/1.7/lang-tag-1.7.jar:/Users/nataliogomes/.m2/repository/org/springframework/security/spring-security-oauth2-jose/6.3.1/spring-security-oauth2-jose-6.3.1.jar:/Users/nataliogomes/.m2/repository/com/nimbusds/nimbus-jose-jwt/9.37.3/nimbus-jose-jwt-9.37.3.jar:"/>
    <property name="java.vm.vendor" value="Oracle Corporation"/>
    <property name="sun.arch.data.model" value="64"/>
    <property name="java.vendor.url" value="https://java.oracle.com/"/>
    <property name="user.timezone" value="Asia/Damascus"/>
    <property name="org.jboss.logging.provider" value="slf4j"/>
    <property name="os.name" value="Mac OS X"/>
    <property name="java.vm.specification.version" value="22"/>
    <property name="sun.java.launcher" value="SUN_STANDARD"/>
    <property name="user.country" value="KW"/>
    <property name="sun.boot.library.path" value="/Users/nataliogomes/Library/Java/JavaVirtualMachines/openjdk-22.0.1/Contents/Home/lib"/>
    <property name="sun.java.command" value="/Users/nataliogomes/Desktop/Projects/ChronicBlog/target/surefire/surefirebooter-20240822103852113_3.jar /Users/nataliogomes/Desktop/Projects/ChronicBlog/target/surefire 2024-08-22T10-38-52_076-jvmRun1 surefire-20240822103852113_1tmp surefire_0-20240822103852113_2tmp"/>
    <property name="http.nonProxyHosts" value="local|*.local|169.254/16|*.169.254/16"/>
    <property name="jdk.debug" value="release"/>
    <property name="surefire.test.class.path" value="/Users/nataliogomes/Desktop/Projects/ChronicBlog/target/test-classes:/Users/nataliogomes/Desktop/Projects/ChronicBlog/target/classes:/Users/nataliogomes/.m2/repository/org/springframework/boot/spring-boot-starter-web/3.3.2/spring-boot-starter-web-3.3.2.jar:/Users/nataliogomes/.m2/repository/org/springframework/boot/spring-boot-starter/3.3.2/spring-boot-starter-3.3.2.jar:/Users/nataliogomes/.m2/repository/org/springframework/boot/spring-boot-starter-logging/3.3.2/spring-boot-starter-logging-3.3.2.jar:/Users/nataliogomes/.m2/repository/ch/qos/logback/logback-classic/1.5.6/logback-classic-1.5.6.jar:/Users/nataliogomes/.m2/repository/ch/qos/logback/logback-core/1.5.6/logback-core-1.5.6.jar:/Users/nataliogomes/.m2/repository/org/apache/logging/log4j/log4j-to-slf4j/2.23.1/log4j-to-slf4j-2.23.1.jar:/Users/nataliogomes/.m2/repository/org/apache/logging/log4j/log4j-api/2.23.1/log4j-api-2.23.1.jar:/Users/nataliogomes/.m2/repository/org/slf4j/jul-to-slf4j/2.0.13/jul-to-slf4j-2.0.13.jar:/Users/nataliogomes/.m2/repository/jakarta/annotation/jakarta.annotation-api/2.1.1/jakarta.annotation-api-2.1.1.jar:/Users/nataliogomes/.m2/repository/org/yaml/snakeyaml/2.2/snakeyaml-2.2.jar:/Users/nataliogomes/.m2/repository/org/springframework/boot/spring-boot-starter-json/3.3.2/spring-boot-starter-json-3.3.2.jar:/Users/nataliogomes/.m2/repository/com/fasterxml/jackson/core/jackson-databind/2.17.2/jackson-databind-2.17.2.jar:/Users/nataliogomes/.m2/repository/com/fasterxml/jackson/core/jackson-annotations/2.17.2/jackson-annotations-2.17.2.jar:/Users/nataliogomes/.m2/repository/com/fasterxml/jackson/core/jackson-core/2.17.2/jackson-core-2.17.2.jar:/Users/nataliogomes/.m2/repository/com/fasterxml/jackson/datatype/jackson-datatype-jdk8/2.17.2/jackson-datatype-jdk8-2.17.2.jar:/Users/nataliogomes/.m2/repository/com/fasterxml/jackson/datatype/jackson-datatype-jsr310/2.17.2/jackson-datatype-jsr310-2.17.2.jar:/Users/nataliogomes/.m2/repository/com/fasterxml/jackson/module/jackson-module-parameter-names/2.17.2/jackson-module-parameter-names-2.17.2.jar:/Users/nataliogomes/.m2/repository/org/springframework/boot/spring-boot-starter-tomcat/3.3.2/spring-boot-starter-tomcat-3.3.2.jar:/Users/nataliogomes/.m2/repository/org/apache/tomcat/embed/tomcat-embed-core/10.1.26/tomcat-embed-core-10.1.26.jar:/Users/nataliogomes/.m2/repository/org/apache/tomcat/embed/tomcat-embed-el/10.1.26/tomcat-embed-el-10.1.26.jar:/Users/nataliogomes/.m2/repository/org/apache/tomcat/embed/tomcat-embed-websocket/10.1.26/tomcat-embed-websocket-10.1.26.jar:/Users/nataliogomes/.m2/repository/org/springframework/spring-web/6.1.11/spring-web-6.1.11.jar:/Users/nataliogomes/.m2/repository/org/springframework/spring-beans/6.1.11/spring-beans-6.1.11.jar:/Users/nataliogomes/.m2/repository/io/micrometer/micrometer-observation/1.13.2/micrometer-observation-1.13.2.jar:/Users/nataliogomes/.m2/repository/io/micrometer/micrometer-commons/1.13.2/micrometer-commons-1.13.2.jar:/Users/nataliogomes/.m2/repository/org/springframework/spring-webmvc/6.1.11/spring-webmvc-6.1.11.jar:/Users/nataliogomes/.m2/repository/org/springframework/spring-context/6.1.11/spring-context-6.1.11.jar:/Users/nataliogomes/.m2/repository/org/springframework/spring-expression/6.1.11/spring-expression-6.1.11.jar:/Users/nataliogomes/.m2/repository/org/springframework/boot/spring-boot-devtools/3.3.2/spring-boot-devtools-3.3.2.jar:/Users/nataliogomes/.m2/repository/org/springframework/boot/spring-boot/3.3.2/spring-boot-3.3.2.jar:/Users/nataliogomes/.m2/repository/org/springframework/boot/spring-boot-autoconfigure/3.3.2/spring-boot-autoconfigure-3.3.2.jar:/Users/nataliogomes/.m2/repository/org/projectlombok/lombok/1.18.34/lombok-1.18.34.jar:/Users/nataliogomes/.m2/repository/org/springframework/boot/spring-boot-starter-test/3.3.2/spring-boot-starter-test-3.3.2.jar:/Users/nataliogomes/.m2/repository/org/springframework/boot/spring-boot-test/3.3.2/spring-boot-test-3.3.2.jar:/Users/nataliogomes/.m2/repository/org/springframework/boot/spring-boot-test-autoconfigure/3.3.2/spring-boot-test-autoconfigure-3.3.2.jar:/Users/nataliogomes/.m2/repository/com/jayway/jsonpath/json-path/2.9.0/json-path-2.9.0.jar:/Users/nataliogomes/.m2/repository/org/slf4j/slf4j-api/2.0.13/slf4j-api-2.0.13.jar:/Users/nataliogomes/.m2/repository/jakarta/xml/bind/jakarta.xml.bind-api/4.0.2/jakarta.xml.bind-api-4.0.2.jar:/Users/nataliogomes/.m2/repository/jakarta/activation/jakarta.activation-api/2.1.3/jakarta.activation-api-2.1.3.jar:/Users/nataliogomes/.m2/repository/net/minidev/json-smart/2.5.1/json-smart-2.5.1.jar:/Users/nataliogomes/.m2/repository/net/minidev/accessors-smart/2.5.1/accessors-smart-2.5.1.jar:/Users/nataliogomes/.m2/repository/org/ow2/asm/asm/9.6/asm-9.6.jar:/Users/nataliogomes/.m2/repository/org/assertj/assertj-core/3.25.3/assertj-core-3.25.3.jar:/Users/nataliogomes/.m2/repository/net/bytebuddy/byte-buddy/1.14.18/byte-buddy-1.14.18.jar:/Users/nataliogomes/.m2/repository/org/awaitility/awaitility/4.2.1/awaitility-4.2.1.jar:/Users/nataliogomes/.m2/repository/org/hamcrest/hamcrest/2.2/hamcrest-2.2.jar:/Users/nataliogomes/.m2/repository/org/junit/jupiter/junit-jupiter/5.10.3/junit-jupiter-5.10.3.jar:/Users/nataliogomes/.m2/repository/org/junit/jupiter/junit-jupiter-api/5.10.3/junit-jupiter-api-5.10.3.jar:/Users/nataliogomes/.m2/repository/org/opentest4j/opentest4j/1.3.0/opentest4j-1.3.0.jar:/Users/nataliogomes/.m2/repository/org/junit/platform/junit-platform-commons/1.10.3/junit-platform-commons-1.10.3.jar:/Users/nataliogomes/.m2/repository/org/apiguardian/apiguardian-api/1.1.2/apiguardian-api-1.1.2.jar:/Users/nataliogomes/.m2/repository/org/junit/jupiter/junit-jupiter-params/5.10.3/junit-jupiter-params-5.10.3.jar:/Users/nataliogomes/.m2/repository/org/junit/jupiter/junit-jupiter-engine/5.10.3/junit-jupiter-engine-5.10.3.jar:/Users/nataliogomes/.m2/repository/org/junit/platform/junit-platform-engine/1.10.3/junit-platform-engine-1.10.3.jar:/Users/nataliogomes/.m2/repository/org/mockito/mockito-core/5.11.0/mockito-core-5.11.0.jar:/Users/nataliogomes/.m2/repository/net/bytebuddy/byte-buddy-agent/1.14.18/byte-buddy-agent-1.14.18.jar:/Users/nataliogomes/.m2/repository/org/objenesis/objenesis/3.3/objenesis-3.3.jar:/Users/nataliogomes/.m2/repository/org/mockito/mockito-junit-jupiter/5.11.0/mockito-junit-jupiter-5.11.0.jar:/Users/nataliogomes/.m2/repository/org/skyscreamer/jsonassert/1.5.3/jsonassert-1.5.3.jar:/Users/nataliogomes/.m2/repository/com/vaadin/external/google/android-json/0.0.20131108.vaadin1/android-json-0.0.20131108.vaadin1.jar:/Users/nataliogomes/.m2/repository/org/springframework/spring-core/6.1.11/spring-core-6.1.11.jar:/Users/nataliogomes/.m2/repository/org/springframework/spring-jcl/6.1.11/spring-jcl-6.1.11.jar:/Users/nataliogomes/.m2/repository/org/springframework/spring-test/6.1.11/spring-test-6.1.11.jar:/Users/nataliogomes/.m2/repository/org/xmlunit/xmlunit-core/2.9.1/xmlunit-core-2.9.1.jar:/Users/nataliogomes/.m2/repository/org/springframework/boot/spring-boot-starter-data-jpa/3.3.2/spring-boot-starter-data-jpa-3.3.2.jar:/Users/nataliogomes/.m2/repository/org/springframework/boot/spring-boot-starter-aop/3.3.2/spring-boot-starter-aop-3.3.2.jar:/Users/nataliogomes/.m2/repository/org/aspectj/aspectjweaver/1.9.22.1/aspectjweaver-1.9.22.1.jar:/Users/nataliogomes/.m2/repository/org/springframework/boot/spring-boot-starter-jdbc/3.3.2/spring-boot-starter-jdbc-3.3.2.jar:/Users/nataliogomes/.m2/repository/com/zaxxer/HikariCP/5.1.0/HikariCP-5.1.0.jar:/Users/nataliogomes/.m2/repository/org/springframework/spring-jdbc/6.1.11/spring-jdbc-6.1.11.jar:/Users/nataliogomes/.m2/repository/org/hibernate/orm/hibernate-core/6.5.2.Final/hibernate-core-6.5.2.Final.jar:/Users/nataliogomes/.m2/repository/jakarta/persistence/jakarta.persistence-api/3.1.0/jakarta.persistence-api-3.1.0.jar:/Users/nataliogomes/.m2/repository/jakarta/transaction/jakarta.transaction-api/2.0.1/jakarta.transaction-api-2.0.1.jar:/Users/nataliogomes/.m2/repository/org/jboss/logging/jboss-logging/3.5.3.Final/jboss-logging-3.5.3.Final.jar:/Users/nataliogomes/.m2/repository/org/hibernate/common/hibernate-commons-annotations/6.0.6.Final/hibernate-commons-annotations-6.0.6.Final.jar:/Users/nataliogomes/.m2/repository/io/smallrye/jandex/3.1.2/jandex-3.1.2.jar:/Users/nataliogomes/.m2/repository/com/fasterxml/classmate/1.7.0/classmate-1.7.0.jar:/Users/nataliogomes/.m2/repository/org/glassfish/jaxb/jaxb-runtime/4.0.5/jaxb-runtime-4.0.5.jar:/Users/nataliogomes/.m2/repository/org/glassfish/jaxb/jaxb-core/4.0.5/jaxb-core-4.0.5.jar:/Users/nataliogomes/.m2/repository/org/eclipse/angus/angus-activation/2.0.2/angus-activation-2.0.2.jar:/Users/nataliogomes/.m2/repository/org/glassfish/jaxb/txw2/4.0.5/txw2-4.0.5.jar:/Users/nataliogomes/.m2/repository/com/sun/istack/istack-commons-runtime/4.1.2/istack-commons-runtime-4.1.2.jar:/Users/nataliogomes/.m2/repository/jakarta/inject/jakarta.inject-api/2.0.1/jakarta.inject-api-2.0.1.jar:/Users/nataliogomes/.m2/repository/org/antlr/antlr4-runtime/4.13.0/antlr4-runtime-4.13.0.jar:/Users/nataliogomes/.m2/repository/org/springframework/data/spring-data-jpa/3.3.2/spring-data-jpa-3.3.2.jar:/Users/nataliogomes/.m2/repository/org/springframework/data/spring-data-commons/3.3.2/spring-data-commons-3.3.2.jar:/Users/nataliogomes/.m2/repository/org/springframework/spring-orm/6.1.11/spring-orm-6.1.11.jar:/Users/nataliogomes/.m2/repository/org/springframework/spring-tx/6.1.11/spring-tx-6.1.11.jar:/Users/nataliogomes/.m2/repository/org/springframework/spring-aspects/6.1.11/spring-aspects-6.1.11.jar:/Users/nataliogomes/.m2/repository/org/postgresql/postgresql/42.7.3/postgresql-42.7.3.jar:/Users/nataliogomes/.m2/repository/org/checkerframework/checker-qual/3.42.0/checker-qual-3.42.0.jar:/Users/nataliogomes/.m2/repository/org/springframework/boot/spring-boot-starter-security/3.3.2/spring-boot-starter-security-3.3.2.jar:/Users/nataliogomes/.m2/repository/org/springframework/spring-aop/6.1.11/spring-aop-6.1.11.jar:/Users/nataliogomes/.m2/repository/org/springframework/security/spring-security-config/6.3.1/spring-security-config-6.3.1.jar:/Users/nataliogomes/.m2/repository/org/springframework/security/spring-security-web/6.3.1/spring-security-web-6.3.1.jar:/Users/nataliogomes/.m2/repository/org/springframework/security/spring-security-test/6.3.1/spring-security-test-6.3.1.jar:/Users/nataliogomes/.m2/repository/org/springframework/security/spring-security-core/6.3.1/spring-security-core-6.3.1.jar:/Users/nataliogomes/.m2/repository/org/springframework/security/spring-security-crypto/6.3.1/spring-security-crypto-6.3.1.jar:/Users/nataliogomes/.m2/repository/org/springframework/boot/spring-boot-starter-oauth2-client/3.3.2/spring-boot-starter-oauth2-client-3.3.2.jar:/Users/nataliogomes/.m2/repository/org/springframework/security/spring-security-oauth2-client/6.3.1/spring-security-oauth2-client-6.3.1.jar:/Users/nataliogomes/.m2/repository/org/springframework/security/spring-security-oauth2-core/6.3.1/spring-security-oauth2-core-6.3.1.jar:/Users/nataliogomes/.m2/repository/com/nimbusds/oauth2-oidc-sdk/9.43.4/oauth2-oidc-sdk-9.43.4.jar:/Users/nataliogomes/.m2/repository/com/github/stephenc/jcip/jcip-annotations/1.0-1/jcip-annotations-1.0-1.jar:/Users/nataliogomes/.m2/repository/com/nimbusds/content-type/2.2/content-type-2.2.jar:/Users/nataliogomes/.m2/repository/com/nimbusds/lang-tag/1.7/lang-tag-1.7.jar:/Users/nataliogomes/.m2/repository/org/springframework/security/spring-security-oauth2-jose/6.3.1/spring-security-oauth2-jose-6.3.1.jar:/Users/nataliogomes/.m2/repository/com/nimbusds/nimbus-jose-jwt/9.37.3/nimbus-jose-jwt-9.37.3.jar:"/>
    <property name="sun.cpu.endian" value="little"/>
    <property name="user.home" value="/Users/nataliogomes"/>
    <property name="user.language" value="en"/>
    <property name="java.specification.vendor" value="Oracle Corporation"/>
    <property name="java.version.date" value="2024-04-16"/>
    <property name="java.home" value="/Users/nataliogomes/Library/Java/JavaVirtualMachines/openjdk-22.0.1/Contents/Home"/>
    <property name="file.separator" value="/"/>
    <property name="basedir" value="/Users/nataliogomes/Desktop/Projects/ChronicBlog"/>
    <property name="java.vm.compressedOopsMode" value="Zero based"/>
    <property name="line.separator" value="&#10;"/>
    <property name="java.vm.specification.vendor" value="Oracle Corporation"/>
    <property name="java.specification.name" value="Java Platform API Specification"/>
    <property name="FILE_LOG_CHARSET" value="UTF-8"/>
    <property name="java.awt.headless" value="true"/>
    <property name="apple.awt.application.name" value="ForkedBooter"/>
    <property name="surefire.real.class.path" value="/Users/nataliogomes/Desktop/Projects/ChronicBlog/target/surefire/surefirebooter-20240822103852113_3.jar"/>
    <property name="sun.management.compiler" value="HotSpot 64-Bit Tiered Compilers"/>
    <property name="ftp.nonProxyHosts" value="local|*.local|169.254/16|*.169.254/16"/>
    <property name="java.runtime.version" value="22.0.1+8-16"/>
    <property name="user.name" value="nataliogomes"/>
    <property name="stdout.encoding" value="UTF-8"/>
    <property name="path.separator" value=":"/>
    <property name="os.version" value="14.6.1"/>
    <property name="java.runtime.name" value="OpenJDK Runtime Environment"/>
    <property name="file.encoding" value="UTF-8"/>
    <property name="java.vm.name" value="OpenJDK 64-Bit Server VM"/>
    <property name="localRepository" value="/Users/nataliogomes/.m2/repository"/>
    <property name="java.vendor.url.bug" value="https://bugreport.java.com/bugreport/"/>
    <property name="java.io.tmpdir" value="/var/folders/5q/rd2kc92s6xs0njt9vm76k8zw0000gn/T/"/>
    <property name="idea.version" value="2023.3.4"/>
    <property name="com.zaxxer.hikari.pool_number" value="1"/>
    <property name="java.version" value="22.0.1"/>
    <property name="user.dir" value="/Users/nataliogomes/Desktop/Projects/ChronicBlog"/>
    <property name="os.arch" value="aarch64"/>
    <property name="java.vm.specification.name" value="Java Virtual Machine Specification"/>
    <property name="PID" value="10405"/>
    <property name="CONSOLE_LOG_CHARSET" value="UTF-8"/>
    <property name="native.encoding" value="UTF-8"/>
    <property name="java.library.path" value="/Users/nataliogomes/Library/Java/Extensions:/Library/Java/Extensions:/Network/Library/Java/Extensions:/System/Library/Java/Extensions:/usr/lib/java:."/>
    <property name="java.vm.info" value="mixed mode, sharing"/>
    <property name="stderr.encoding" value="UTF-8"/>
    <property name="java.vendor" value="Oracle Corporation"/>
    <property name="java.vm.version" value="22.0.1+8-16"/>
    <property name="sun.io.unicode.encoding" value="UnicodeBig"/>
    <property name="socksNonProxyHosts" value="local|*.local|169.254/16|*.169.254/16"/>
    <property name="java.class.version" value="66.0"/>
    <property name="LOGGED_APPLICATION_NAME" value="[ChronicBlog] "/>
  </properties>
  <testcase name="contextLoads" classname="com.nataliogomes.chronicblog.ChronicBlogApplicationTests" time="0.289">
    <system-out><![CDATA[10:38:52.455 [main] INFO org.springframework.test.context.support.AnnotationConfigContextLoaderUtils -- Could not detect default configuration classes for test class [com.nataliogomes.chronicblog.ChronicBlogApplicationTests]: ChronicBlogApplicationTests does not declare any static, non-private, non-final, nested classes annotated with @Configuration.
10:38:52.499 [main] INFO org.springframework.boot.test.context.SpringBootTestContextBootstrapper -- Found @SpringBootConfiguration com.nataliogomes.chronicblog.ChronicBlogApplication for test class com.nataliogomes.chronicblog.ChronicBlogApplicationTests
10:38:52.562 [main] INFO org.springframework.boot.devtools.restart.RestartApplicationListener -- Restart disabled due to context in which it is running

  .   ____          _            __ _ _
 /\\ / ___'_ __ _ _(_)_ __  __ _ \ \ \ \
( ( )\___ | '_ | '_| | '_ \/ _` | \ \ \ \
 \\/  ___)| |_)| | | | | || (_| |  ) ) ) )
  '  |____| .__|_| |_|_| |_\__, | / / / /
 =========|_|==============|___/=/_/_/_/

 :: Spring Boot ::                (v3.3.2)

2024-08-22T10:38:52.730+03:00  INFO 10405 --- [ChronicBlog] [           main] c.n.c.ChronicBlogApplicationTests        : Starting ChronicBlogApplicationTests using Java 22.0.1 with PID 10405 (started by nataliogomes in /Users/nataliogomes/Desktop/Projects/ChronicBlog)
2024-08-22T10:38:52.731+03:00  INFO 10405 --- [ChronicBlog] [           main] c.n.c.ChronicBlogApplicationTests        : No active profile set, falling back to 1 default profile: "default"
2024-08-22T10:38:53.087+03:00  INFO 10405 --- [ChronicBlog] [           main] .s.d.r.c.RepositoryConfigurationDelegate : Bootstrapping Spring Data JPA repositories in DEFAULT mode.
2024-08-22T10:38:53.108+03:00  INFO 10405 --- [ChronicBlog] [           main] .s.d.r.c.RepositoryConfigurationDelegate : Finished Spring Data repository scanning in 18 ms. Found 2 JPA repository interfaces.
2024-08-22T10:38:53.259+03:00 DEBUG 10405 --- [ChronicBlog] [           main] com.zaxxer.hikari.HikariConfig           : Driver class org.postgresql.Driver found in Thread context class loader jdk.internal.loader.ClassLoaders$AppClassLoader@18769467
2024-08-22T10:38:53.304+03:00  INFO 10405 --- [ChronicBlog] [           main] o.hibernate.jpa.internal.util.LogHelper  : HHH000204: Processing PersistenceUnitInfo [name: default]
2024-08-22T10:38:53.332+03:00  INFO 10405 --- [ChronicBlog] [           main] org.hibernate.Version                    : HHH000412: Hibernate ORM core version 6.5.2.Final
2024-08-22T10:38:53.347+03:00  INFO 10405 --- [ChronicBlog] [           main] o.h.c.internal.RegionFactoryInitiator    : HHH000026: Second-level cache disabled
2024-08-22T10:38:53.484+03:00  INFO 10405 --- [ChronicBlog] [           main] o.s.o.j.p.SpringPersistenceUnitInfo      : No LoadTimeWeaver setup: ignoring JPA class transformer
2024-08-22T10:38:53.495+03:00 DEBUG 10405 --- [ChronicBlog] [           main] com.zaxxer.hikari.HikariConfig           : HikariPool-1 - configuration:
2024-08-22T10:38:53.497+03:00 DEBUG 10405 --- [ChronicBlog] [           main] com.zaxxer.hikari.HikariConfig           : allowPoolSuspension.............false
2024-08-22T10:38:53.497+03:00 DEBUG 10405 --- [ChronicBlog] [           main] com.zaxxer.hikari.HikariConfig           : autoCommit......................true
2024-08-22T10:38:53.497+03:00 DEBUG 10405 --- [ChronicBlog] [           main] com.zaxxer.hikari.HikariConfig           : catalog.........................none
2024-08-22T10:38:53.497+03:00 DEBUG 10405 --- [ChronicBlog] [           main] com.zaxxer.hikari.HikariConfig           : connectionInitSql...............none
2024-08-22T10:38:53.498+03:00 DEBUG 10405 --- [ChronicBlog] [           main] com.zaxxer.hikari.HikariConfig           : connectionTestQuery.............none
2024-08-22T10:38:53.498+03:00 DEBUG 10405 --- [ChronicBlog] [           main] com.zaxxer.hikari.HikariConfig           : connectionTimeout...............30000
2024-08-22T10:38:53.498+03:00 DEBUG 10405 --- [ChronicBlog] [           main] com.zaxxer.hikari.HikariConfig           : dataSource......................none
2024-08-22T10:38:53.498+03:00 DEBUG 10405 --- [ChronicBlog] [           main] com.zaxxer.hikari.HikariConfig           : dataSourceClassName.............none
2024-08-22T10:38:53.498+03:00 DEBUG 10405 --- [ChronicBlog] [           main] com.zaxxer.hikari.HikariConfig           : dataSourceJNDI..................none
2024-08-22T10:38:53.498+03:00 DEBUG 10405 --- [ChronicBlog] [           main] com.zaxxer.hikari.HikariConfig           : dataSourceProperties............{password=<masked>}
2024-08-22T10:38:53.498+03:00 DEBUG 10405 --- [ChronicBlog] [           main] com.zaxxer.hikari.HikariConfig           : driverClassName................."org.postgresql.Driver"
2024-08-22T10:38:53.498+03:00 DEBUG 10405 --- [ChronicBlog] [           main] com.zaxxer.hikari.HikariConfig           : exceptionOverrideClassName......none
2024-08-22T10:38:53.498+03:00 DEBUG 10405 --- [ChronicBlog] [           main] com.zaxxer.hikari.HikariConfig           : healthCheckProperties...........{}
2024-08-22T10:38:53.499+03:00 DEBUG 10405 --- [ChronicBlog] [           main] com.zaxxer.hikari.HikariConfig           : healthCheckRegistry.............none
2024-08-22T10:38:53.499+03:00 DEBUG 10405 --- [ChronicBlog] [           main] com.zaxxer.hikari.HikariConfig           : idleTimeout.....................600000
2024-08-22T10:38:53.499+03:00 DEBUG 10405 --- [ChronicBlog] [           main] com.zaxxer.hikari.HikariConfig           : initializationFailTimeout.......1
2024-08-22T10:38:53.499+03:00 DEBUG 10405 --- [ChronicBlog] [           main] com.zaxxer.hikari.HikariConfig           : isolateInternalQueries..........false
2024-08-22T10:38:53.499+03:00 DEBUG 10405 --- [ChronicBlog] [           main] com.zaxxer.hikari.HikariConfig           : jdbcUrl.........................jdbc:postgresql://my-database.c562w0yauxkh.us-east-1.rds.amazonaws.com:5432/BlogDB
2024-08-22T10:38:53.499+03:00 DEBUG 10405 --- [ChronicBlog] [           main] com.zaxxer.hikari.HikariConfig           : keepaliveTime...................0
2024-08-22T10:38:53.499+03:00 DEBUG 10405 --- [ChronicBlog] [           main] com.zaxxer.hikari.HikariConfig           : leakDetectionThreshold..........0
2024-08-22T10:38:53.499+03:00 DEBUG 10405 --- [ChronicBlog] [           main] com.zaxxer.hikari.HikariConfig           : maxLifetime.....................1800000
2024-08-22T10:38:53.499+03:00 DEBUG 10405 --- [ChronicBlog] [           main] com.zaxxer.hikari.HikariConfig           : maximumPoolSize.................10
2024-08-22T10:38:53.499+03:00 DEBUG 10405 --- [ChronicBlog] [           main] com.zaxxer.hikari.HikariConfig           : metricRegistry..................none
2024-08-22T10:38:53.499+03:00 DEBUG 10405 --- [ChronicBlog] [           main] com.zaxxer.hikari.HikariConfig           : metricsTrackerFactory...........none
2024-08-22T10:38:53.499+03:00 DEBUG 10405 --- [ChronicBlog] [           main] com.zaxxer.hikari.HikariConfig           : minimumIdle.....................10
2024-08-22T10:38:53.499+03:00 DEBUG 10405 --- [ChronicBlog] [           main] com.zaxxer.hikari.HikariConfig           : password........................<masked>
2024-08-22T10:38:53.499+03:00 DEBUG 10405 --- [ChronicBlog] [           main] com.zaxxer.hikari.HikariConfig           : poolName........................"HikariPool-1"
2024-08-22T10:38:53.500+03:00 DEBUG 10405 --- [ChronicBlog] [           main] com.zaxxer.hikari.HikariConfig           : readOnly........................false
2024-08-22T10:38:53.500+03:00 DEBUG 10405 --- [ChronicBlog] [           main] com.zaxxer.hikari.HikariConfig           : registerMbeans..................false
2024-08-22T10:38:53.500+03:00 DEBUG 10405 --- [ChronicBlog] [           main] com.zaxxer.hikari.HikariConfig           : scheduledExecutor...............none
2024-08-22T10:38:53.500+03:00 DEBUG 10405 --- [ChronicBlog] [           main] com.zaxxer.hikari.HikariConfig           : schema..........................none
2024-08-22T10:38:53.500+03:00 DEBUG 10405 --- [ChronicBlog] [           main] com.zaxxer.hikari.HikariConfig           : threadFactory...................internal
2024-08-22T10:38:53.500+03:00 DEBUG 10405 --- [ChronicBlog] [           main] com.zaxxer.hikari.HikariConfig           : transactionIsolation............default
2024-08-22T10:38:53.500+03:00 DEBUG 10405 --- [ChronicBlog] [           main] com.zaxxer.hikari.HikariConfig           : username........................"postgres"
2024-08-22T10:38:53.500+03:00 DEBUG 10405 --- [ChronicBlog] [           main] com.zaxxer.hikari.HikariConfig           : validationTimeout...............5000
2024-08-22T10:38:53.500+03:00  INFO 10405 --- [ChronicBlog] [           main] com.zaxxer.hikari.HikariDataSource       : HikariPool-1 - Starting...
2024-08-22T10:38:55.481+03:00  INFO 10405 --- [ChronicBlog] [           main] com.zaxxer.hikari.pool.HikariPool        : HikariPool-1 - Added connection org.postgresql.jdbc.PgConnection@75d97e18
2024-08-22T10:38:55.483+03:00  INFO 10405 --- [ChronicBlog] [           main] com.zaxxer.hikari.HikariDataSource       : HikariPool-1 - Start completed.
2024-08-22T10:38:55.585+03:00 DEBUG 10405 --- [ChronicBlog] [l-1 housekeeper] com.zaxxer.hikari.pool.HikariPool        : HikariPool-1 - Pool stats (total=1, active=1, idle=0, waiting=0)
2024-08-22T10:38:55.683+03:00  WARN 10405 --- [ChronicBlog] [           main] org.hibernate.orm.deprecation            : HHH90000025: PostgreSQLDialect does not need to be specified explicitly using 'hibernate.dialect' (remove the property setting and it will be selected by default)
2024-08-22T10:38:56.507+03:00  INFO 10405 --- [ChronicBlog] [           main] o.h.e.t.j.p.i.JtaPlatformInitiator       : HHH000489: No JTA platform available (set 'hibernate.transaction.jta.platform' to enable JTA platform integration)
2024-08-22T10:38:56.959+03:00 DEBUG 10405 --- [ChronicBlog] [onnection adder] com.zaxxer.hikari.pool.HikariPool        : HikariPool-1 - Added connection org.postgresql.jdbc.PgConnection@145c1b2d
2024-08-22T10:38:56.993+03:00 DEBUG 10405 --- [ChronicBlog] [onnection adder] com.zaxxer.hikari.pool.HikariPool        : HikariPool-1 - After adding stats (total=2, active=1, idle=1, waiting=0)
2024-08-22T10:38:57.045+03:00 DEBUG 10405 --- [ChronicBlog] [           main] org.hibernate.SQL                        : 
    alter table if exists movies 
       alter column summary set data type TEXT
Hibernate: 
    alter table if exists movies 
       alter column summary set data type TEXT
2024-08-22T10:38:58.348+03:00 DEBUG 10405 --- [ChronicBlog] [onnection adder] com.zaxxer.hikari.pool.HikariPool        : HikariPool-1 - Added connection org.postgresql.jdbc.PgConnection@1ea4705d
2024-08-22T10:38:58.382+03:00 DEBUG 10405 --- [ChronicBlog] [onnection adder] com.zaxxer.hikari.pool.HikariPool        : HikariPool-1 - After adding stats (total=3, active=1, idle=2, waiting=0)
2024-08-22T10:38:58.550+03:00  INFO 10405 --- [ChronicBlog] [           main] j.LocalContainerEntityManagerFactoryBean : Initialized JPA EntityManagerFactory for persistence unit 'default'
2024-08-22T10:38:58.810+03:00  INFO 10405 --- [ChronicBlog] [           main] r$InitializeUserDetailsManagerConfigurer : Global AuthenticationManager configured with UserDetailsService bean with name myCustomUserDetailService
2024-08-22T10:38:58.858+03:00  WARN 10405 --- [ChronicBlog] [           main] JpaBaseConfiguration$JpaWebConfiguration : spring.jpa.open-in-view is enabled by default. Therefore, database queries may be performed during view rendering. Explicitly configure spring.jpa.open-in-view to disable this warning
2024-08-22T10:38:59.150+03:00  INFO 10405 --- [ChronicBlog] [           main] c.n.c.ChronicBlogApplicationTests        : Started ChronicBlogApplicationTests in 6.594 seconds (process running for 6.997)
]]></system-out>
    <system-err><![CDATA[WARNING: A Java agent has been loaded dynamically (/Users/nataliogomes/.m2/repository/net/bytebuddy/byte-buddy-agent/1.14.18/byte-buddy-agent-1.14.18.jar)
WARNING: If a serviceability tool is in use, please run with -XX:+EnableDynamicAgentLoading to hide this warning
WARNING: If a serviceability tool is not in use, please run with -Djdk.instrument.traceUsage for more information
WARNING: Dynamic loading of agents will be disallowed by default in a future release
]]></system-err>
  </testcase>
</testsuite>